{"total": {"lines":{"total":542,"covered":441,"skipped":0,"pct":81.36},"statements":{"total":559,"covered":455,"skipped":0,"pct":81.39},"functions":{"total":152,"covered":127,"skipped":0,"pct":83.55},"branches":{"total":130,"covered":103,"skipped":0,"pct":79.23},"branchesTrue":{"total":0,"covered":0,"skipped":0,"pct":100}}
,"/Users/limruitingvalencia/Developer/cs4218-2520-ecom-project-cs4218-2520-team21/client/src/components/AdminMenu.js": {"lines":{"total":2,"covered":2,"skipped":0,"pct":100},"functions":{"total":1,"covered":1,"skipped":0,"pct":100},"statements":{"total":2,"covered":2,"skipped":0,"pct":100},"branches":{"total":0,"covered":0,"skipped":0,"pct":100}}
,"/Users/limruitingvalencia/Developer/cs4218-2520-ecom-project-cs4218-2520-team21/client/src/components/Footer.js": {"lines":{"total":2,"covered":2,"skipped":0,"pct":100},"functions":{"total":1,"covered":1,"skipped":0,"pct":100},"statements":{"total":2,"covered":2,"skipped":0,"pct":100},"branches":{"total":0,"covered":0,"skipped":0,"pct":100}}
,"/Users/limruitingvalencia/Developer/cs4218-2520-ecom-project-cs4218-2520-team21/client/src/components/Header.js": {"lines":{"total":10,"covered":10,"skipped":0,"pct":100},"functions":{"total":3,"covered":3,"skipped":0,"pct":100},"statements":{"total":10,"covered":10,"skipped":0,"pct":100},"branches":{"total":4,"covered":4,"skipped":0,"pct":100}}
,"/Users/limruitingvalencia/Developer/cs4218-2520-ecom-project-cs4218-2520-team21/client/src/components/Layout.js": {"lines":{"total":3,"covered":3,"skipped":0,"pct":100},"functions":{"total":1,"covered":1,"skipped":0,"pct":100},"statements":{"total":3,"covered":3,"skipped":0,"pct":100},"branches":{"total":0,"covered":0,"skipped":0,"pct":100}}
,"/Users/limruitingvalencia/Developer/cs4218-2520-ecom-project-cs4218-2520-team21/client/src/components/Prices.js": {"lines":{"total":1,"covered":0,"skipped":0,"pct":0},"functions":{"total":0,"covered":0,"skipped":0,"pct":100},"statements":{"total":1,"covered":0,"skipped":0,"pct":0},"branches":{"total":0,"covered":0,"skipped":0,"pct":100}}
,"/Users/limruitingvalencia/Developer/cs4218-2520-ecom-project-cs4218-2520-team21/client/src/components/Spinner.js": {"lines":{"total":10,"covered":10,"skipped":0,"pct":100},"functions":{"total":5,"covered":5,"skipped":0,"pct":100},"statements":{"total":12,"covered":12,"skipped":0,"pct":100},"branches":{"total":3,"covered":3,"skipped":0,"pct":100}}
,"/Users/limruitingvalencia/Developer/cs4218-2520-ecom-project-cs4218-2520-team21/client/src/components/UserMenu.js": {"lines":{"total":2,"covered":2,"skipped":0,"pct":100},"functions":{"total":1,"covered":1,"skipped":0,"pct":100},"statements":{"total":2,"covered":2,"skipped":0,"pct":100},"branches":{"total":0,"covered":0,"skipped":0,"pct":100}}
,"/Users/limruitingvalencia/Developer/cs4218-2520-ecom-project-cs4218-2520-team21/client/src/components/Form/CategoryForm.js": {"lines":{"total":3,"covered":3,"skipped":0,"pct":100},"functions":{"total":2,"covered":2,"skipped":0,"pct":100},"statements":{"total":3,"covered":3,"skipped":0,"pct":100},"branches":{"total":0,"covered":0,"skipped":0,"pct":100}}
,"/Users/limruitingvalencia/Developer/cs4218-2520-ecom-project-cs4218-2520-team21/client/src/components/Form/SearchInput.js": {"lines":{"total":13,"covered":13,"skipped":0,"pct":100},"functions":{"total":3,"covered":3,"skipped":0,"pct":100},"statements":{"total":13,"covered":13,"skipped":0,"pct":100},"branches":{"total":2,"covered":1,"skipped":0,"pct":50}}
,"/Users/limruitingvalencia/Developer/cs4218-2520-ecom-project-cs4218-2520-team21/client/src/components/Routes/AdminRoute.js": {"lines":{"total":10,"covered":0,"skipped":0,"pct":0},"functions":{"total":3,"covered":0,"skipped":0,"pct":0},"statements":{"total":11,"covered":0,"skipped":0,"pct":0},"branches":{"total":6,"covered":0,"skipped":0,"pct":0}}
,"/Users/limruitingvalencia/Developer/cs4218-2520-ecom-project-cs4218-2520-team21/client/src/components/Routes/Private.js": {"lines":{"total":12,"covered":12,"skipped":0,"pct":100},"functions":{"total":3,"covered":3,"skipped":0,"pct":100},"statements":{"total":13,"covered":13,"skipped":0,"pct":100},"branches":{"total":6,"covered":5,"skipped":0,"pct":83.33}}
,"/Users/limruitingvalencia/Developer/cs4218-2520-ecom-project-cs4218-2520-team21/client/src/context/auth.js": {"lines":{"total":13,"covered":13,"skipped":0,"pct":100},"functions":{"total":3,"covered":3,"skipped":0,"pct":100},"statements":{"total":14,"covered":14,"skipped":0,"pct":100},"branches":{"total":2,"covered":2,"skipped":0,"pct":100}}
,"/Users/limruitingvalencia/Developer/cs4218-2520-ecom-project-cs4218-2520-team21/client/src/context/cart.js": {"lines":{"total":8,"covered":8,"skipped":0,"pct":100},"functions":{"total":3,"covered":3,"skipped":0,"pct":100},"statements":{"total":10,"covered":10,"skipped":0,"pct":100},"branches":{"total":2,"covered":2,"skipped":0,"pct":100}}
,"/Users/limruitingvalencia/Developer/cs4218-2520-ecom-project-cs4218-2520-team21/client/src/hooks/useCategory.js": {"lines":{"total":9,"covered":9,"skipped":0,"pct":100},"functions":{"total":3,"covered":3,"skipped":0,"pct":100},"statements":{"total":9,"covered":9,"skipped":0,"pct":100},"branches":{"total":0,"covered":0,"skipped":0,"pct":100}}
,"/Users/limruitingvalencia/Developer/cs4218-2520-ecom-project-cs4218-2520-team21/client/src/pages/About.js": {"lines":{"total":2,"covered":2,"skipped":0,"pct":100},"functions":{"total":1,"covered":1,"skipped":0,"pct":100},"statements":{"total":2,"covered":2,"skipped":0,"pct":100},"branches":{"total":0,"covered":0,"skipped":0,"pct":100}}
,"/Users/limruitingvalencia/Developer/cs4218-2520-ecom-project-cs4218-2520-team21/client/src/pages/CartPage.js": {"lines":{"total":48,"covered":42,"skipped":0,"pct":87.5},"functions":{"total":14,"covered":11,"skipped":0,"pct":78.57},"statements":{"total":49,"covered":43,"skipped":0,"pct":87.75},"branches":{"total":20,"covered":20,"skipped":0,"pct":100}}
,"/Users/limruitingvalencia/Developer/cs4218-2520-ecom-project-cs4218-2520-team21/client/src/pages/Categories.js": {"lines":{"total":4,"covered":4,"skipped":0,"pct":100},"functions":{"total":2,"covered":2,"skipped":0,"pct":100},"statements":{"total":4,"covered":4,"skipped":0,"pct":100},"branches":{"total":0,"covered":0,"skipped":0,"pct":100}}
,"/Users/limruitingvalencia/Developer/cs4218-2520-ecom-project-cs4218-2520-team21/client/src/pages/CategoryProduct.js": {"lines":{"total":16,"covered":16,"skipped":0,"pct":100},"functions":{"total":5,"covered":5,"skipped":0,"pct":100},"statements":{"total":17,"covered":17,"skipped":0,"pct":100},"branches":{"total":2,"covered":2,"skipped":0,"pct":100}}
,"/Users/limruitingvalencia/Developer/cs4218-2520-ecom-project-cs4218-2520-team21/client/src/pages/HomePage.js": {"lines":{"total":74,"covered":74,"skipped":0,"pct":100},"functions":{"total":21,"covered":21,"skipped":0,"pct":100},"statements":{"total":78,"covered":78,"skipped":0,"pct":100},"branches":{"total":19,"covered":19,"skipped":0,"pct":100}}
,"/Users/limruitingvalencia/Developer/cs4218-2520-ecom-project-cs4218-2520-team21/client/src/pages/Pagenotfound.js": {"lines":{"total":2,"covered":2,"skipped":0,"pct":100},"functions":{"total":1,"covered":1,"skipped":0,"pct":100},"statements":{"total":2,"covered":2,"skipped":0,"pct":100},"branches":{"total":0,"covered":0,"skipped":0,"pct":100}}
,"/Users/limruitingvalencia/Developer/cs4218-2520-ecom-project-cs4218-2520-team21/client/src/pages/ProductDetails.js": {"lines":{"total":28,"covered":28,"skipped":0,"pct":100},"functions":{"total":8,"covered":8,"skipped":0,"pct":100},"statements":{"total":29,"covered":29,"skipped":0,"pct":100},"branches":{"total":4,"covered":4,"skipped":0,"pct":100}}
,"/Users/limruitingvalencia/Developer/cs4218-2520-ecom-project-cs4218-2520-team21/client/src/pages/Auth/Login.js": {"lines":{"total":22,"covered":22,"skipped":0,"pct":100},"functions":{"total":5,"covered":5,"skipped":0,"pct":100},"statements":{"total":22,"covered":22,"skipped":0,"pct":100},"branches":{"total":8,"covered":8,"skipped":0,"pct":100}}
,"/Users/limruitingvalencia/Developer/cs4218-2520-ecom-project-cs4218-2520-team21/client/src/pages/Auth/Register.js": {"lines":{"total":27,"covered":27,"skipped":0,"pct":100},"functions":{"total":9,"covered":9,"skipped":0,"pct":100},"statements":{"total":27,"covered":27,"skipped":0,"pct":100},"branches":{"total":4,"covered":4,"skipped":0,"pct":100}}
,"/Users/limruitingvalencia/Developer/cs4218-2520-ecom-project-cs4218-2520-team21/client/src/pages/admin/AdminDashboard.js": {"lines":{"total":3,"covered":3,"skipped":0,"pct":100},"functions":{"total":1,"covered":1,"skipped":0,"pct":100},"statements":{"total":3,"covered":3,"skipped":0,"pct":100},"branches":{"total":0,"covered":0,"skipped":0,"pct":100}}
,"/Users/limruitingvalencia/Developer/cs4218-2520-ecom-project-cs4218-2520-team21/client/src/pages/admin/AdminOrders.js": {"lines":{"total":23,"covered":23,"skipped":0,"pct":100},"functions":{"total":8,"covered":8,"skipped":0,"pct":100},"statements":{"total":24,"covered":24,"skipped":0,"pct":100},"branches":{"total":4,"covered":4,"skipped":0,"pct":100}}
,"/Users/limruitingvalencia/Developer/cs4218-2520-ecom-project-cs4218-2520-team21/client/src/pages/admin/CreateCategory.js": {"lines":{"total":53,"covered":53,"skipped":0,"pct":100},"functions":{"total":10,"covered":10,"skipped":0,"pct":100},"statements":{"total":53,"covered":53,"skipped":0,"pct":100},"branches":{"total":10,"covered":9,"skipped":0,"pct":90}}
,"/Users/limruitingvalencia/Developer/cs4218-2520-ecom-project-cs4218-2520-team21/client/src/pages/admin/CreateProduct.js": {"lines":{"total":48,"covered":48,"skipped":0,"pct":100},"functions":{"total":12,"covered":12,"skipped":0,"pct":100},"statements":{"total":48,"covered":48,"skipped":0,"pct":100},"branches":{"total":10,"covered":9,"skipped":0,"pct":90}}
,"/Users/limruitingvalencia/Developer/cs4218-2520-ecom-project-cs4218-2520-team21/client/src/pages/admin/Products.js": {"lines":{"total":12,"covered":0,"skipped":0,"pct":0},"functions":{"total":4,"covered":0,"skipped":0,"pct":0},"statements":{"total":12,"covered":0,"skipped":0,"pct":0},"branches":{"total":0,"covered":0,"skipped":0,"pct":100}}
,"/Users/limruitingvalencia/Developer/cs4218-2520-ecom-project-cs4218-2520-team21/client/src/pages/admin/UpdateProduct.js": {"lines":{"total":71,"covered":0,"skipped":0,"pct":0},"functions":{"total":15,"covered":0,"skipped":0,"pct":0},"statements":{"total":73,"covered":0,"skipped":0,"pct":0},"branches":{"total":14,"covered":0,"skipped":0,"pct":0}}
,"/Users/limruitingvalencia/Developer/cs4218-2520-ecom-project-cs4218-2520-team21/client/src/pages/admin/Users.js": {"lines":{"total":11,"covered":10,"skipped":0,"pct":90.9},"functions":{"total":4,"covered":4,"skipped":0,"pct":100},"statements":{"total":11,"covered":10,"skipped":0,"pct":90.9},"branches":{"total":10,"covered":7,"skipped":0,"pct":70}}
}
