TN:
SF:client\src\components\Footer.js
FN:4,(anonymous_0)
FNF:1
FNH:1
FNDA:44,(anonymous_0)
DA:4,3
DA:5,44
LF:2
LH:2
BRF:0
BRH:0
end_of_record
TN:
SF:client\src\components\Header.js
FN:10,(anonymous_0)
FN:14,(anonymous_1)
FN:63,(anonymous_2)
FNF:3
FNH:3
FNDA:50,(anonymous_0)
FNDA:1,(anonymous_1)
FNDA:4,(anonymous_2)
DA:10,3
DA:11,50
DA:12,50
DA:13,50
DA:14,50
DA:15,1
DA:20,1
DA:21,1
DA:23,50
DA:64,4
LF:10
LH:10
BRDA:76,0,0,46
BRDA:76,0,1,4
BRDA:105,1,0,1
BRDA:105,1,1,3
BRF:4
BRH:4
end_of_record
TN:
SF:client\src\components\Layout.js
FN:8,(anonymous_0)
FNF:1
FNH:1
FNDA:54,(anonymous_0)
DA:8,3
DA:9,54
DA:28,3
LF:3
LH:3
BRF:0
BRH:0
end_of_record
TN:
SF:client\src\components\Spinner.js
FN:3,(anonymous_0)
FN:8,(anonymous_1)
FN:9,(anonymous_2)
FN:10,(anonymous_3)
FN:15,(anonymous_4)
FNF:5
FNH:5
FNDA:19,(anonymous_0)
FNDA:19,(anonymous_1)
FNDA:17,(anonymous_2)
FNDA:17,(anonymous_3)
FNDA:19,(anonymous_4)
DA:3,1
DA:4,19
DA:5,19
DA:6,19
DA:8,19
DA:9,19
DA:10,17
DA:12,19
DA:15,19
DA:17,19
LF:10
LH:10
BRDA:3,0,0,11
BRDA:12,1,0,19
BRDA:12,1,1,4
BRF:3
BRH:3
end_of_record
TN:
SF:client\src\context\auth.js
FN:6,(anonymous_0)
FN:15,(anonymous_1)
FN:35,(anonymous_2)
FNF:3
FNH:3
FNDA:10,(anonymous_0)
FNDA:7,(anonymous_1)
FNDA:10,(anonymous_2)
DA:4,1
DA:6,1
DA:7,10
DA:13,10
DA:15,10
DA:16,7
DA:17,7
DA:18,3
DA:19,2
DA:27,10
DA:35,10
LF:11
LH:11
BRDA:17,0,0,3
BRDA:17,0,1,4
BRF:2
BRH:2
end_of_record
TN:
SF:client\src\pages\About.js
FN:4,(anonymous_0)
FNF:1
FNH:1
FNDA:4,(anonymous_0)
DA:4,1
DA:5,4
LF:2
LH:2
BRF:0
BRH:0
end_of_record
TN:
SF:client\src\pages\Pagenotfound.js
FN:5,(anonymous_0)
FNF:1
FNH:1
FNDA:3,(anonymous_0)
DA:5,1
DA:6,3
LF:2
LH:2
BRF:0
BRH:0
end_of_record
TN:
SF:client\src\pages\Auth\Login.js
FN:9,(anonymous_0)
FN:20,(anonymous_1)
FN:62,(anonymous_2)
FN:73,(anonymous_3)
FN:84,(anonymous_4)
FNF:5
FNH:5
FNDA:15,(anonymous_0)
FNDA:3,(anonymous_1)
FNDA:4,(anonymous_2)
FNDA:4,(anonymous_3)
FNDA:1,(anonymous_4)
DA:9,1
DA:10,15
DA:11,15
DA:12,15
DA:15,15
DA:16,15
DA:20,15
DA:21,3
DA:22,3
DA:23,3
DA:27,2
DA:28,1
DA:36,1
DA:41,1
DA:42,1
DA:44,1
DA:47,1
DA:48,1
DA:51,15
DA:62,4
DA:73,4
DA:85,1
LF:22
LH:22
BRDA:27,0,0,1
BRDA:27,0,1,1
BRDA:27,1,0,2
BRDA:27,1,1,2
BRDA:28,2,0,1
BRDA:28,2,1,1
BRDA:42,3,0,1
BRDA:42,3,1,1
BRF:8
BRH:8
end_of_record
TN:
SF:client\src\pages\Auth\Register.js
FN:7,(anonymous_0)
FN:18,(anonymous_1)
FN:51,(anonymous_2)
FN:63,(anonymous_3)
FN:74,(anonymous_4)
FN:85,(anonymous_5)
FN:96,(anonymous_6)
FN:107,(anonymous_7)
FN:118,(anonymous_8)
FNF:9
FNH:9
FNDA:24,(anonymous_0)
FNDA:3,(anonymous_1)
FNDA:3,(anonymous_2)
FNDA:3,(anonymous_3)
FNDA:3,(anonymous_4)
FNDA:3,(anonymous_5)
FNDA:3,(anonymous_6)
FNDA:3,(anonymous_7)
FNDA:3,(anonymous_8)
DA:7,1
DA:8,24
DA:9,24
DA:10,24
DA:11,24
DA:12,24
DA:13,24
DA:14,24
DA:15,24
DA:18,24
DA:19,3
DA:20,3
DA:21,3
DA:30,2
DA:31,1
DA:32,1
DA:34,1
DA:37,1
DA:38,1
DA:42,24
DA:51,3
DA:63,3
DA:74,3
DA:85,3
DA:96,3
DA:107,3
DA:118,3
LF:27
LH:27
BRDA:30,0,0,1
BRDA:30,0,1,1
BRDA:30,1,0,2
BRDA:30,1,1,2
BRF:4
BRH:4
end_of_record
